<?xml version="1.0" encoding="UTF-8"?>
<!-- Generated by org.testng.reporters.JUnitReportReporter -->
<testsuite skipped="0" hostname="DESKTOP-2DR0QON" name="requestData.HttpHeaderDemo" tests="1" failures="0" timestamp="15 Nov 2019 01:48:25 GMT" time="4.039" errors="0">
  <testcase name="Hedertype" time="4.039" classname="requestData.HttpHeaderDemo"/>
</testsuite> <!-- requestData.HttpHeaderDemo -->
