<?xml version="1.0" encoding="UTF-8"?>
<!-- Generated by org.testng.reporters.JUnitReportReporter -->
<testsuite skipped="0" hostname="DESKTOP-2DR0QON" name="requestData.TestDemoGet" tests="1" failures="0" timestamp="14 Nov 2019 05:09:28 GMT" time="3.319" errors="0">
  <testcase name="Getwetherdetails" time="3.319" classname="requestData.TestDemoGet"/>
</testsuite> <!-- requestData.TestDemoGet -->
