<?xml version="1.0" encoding="UTF-8"?>
<!-- Generated by org.testng.reporters.JUnitReportReporter -->
<testsuite skipped="0" hostname="DESKTOP-2DR0QON" name="requestData.Get_Request_Employees" tests="3" failures="0" timestamp="15 Nov 2019 05:55:12 GMT" time="0.067" errors="0">
  <testcase name="Statuscode" time="0.006" classname="requestData.Get_Request_Employees"/>
  <testcase name="Reponsebody" time="0.047" classname="requestData.Get_Request_Employees"/>
  <testcase name="contenttype" time="0.014" classname="requestData.Get_Request_Employees"/>
</testsuite> <!-- requestData.Get_Request_Employees -->
