<?xml version="1.0" encoding="UTF-8"?>
<!-- Generated by org.testng.reporters.JUnitReportReporter -->
<testsuite skipped="0" hostname="DESKTOP-2DR0QON" name="requestData.AllTheHeader" tests="1" failures="0" timestamp="14 Nov 2019 19:56:22 GMT" time="2.912" errors="0">
  <testcase name="allheder" time="2.912" classname="requestData.AllTheHeader"/>
</testsuite> <!-- requestData.AllTheHeader -->
